<?xml version="1.0" encoding="UTF-8"?>
<testng-results skipped="0" failed="0" total="1" passed="1">
  <reporter-output>
  </reporter-output>
  <suite name="Default suite" duration-ms="407" started-at="2017-02-03T12:07:22Z" finished-at="2017-02-03T12:07:22Z">
    <groups>
    </groups>
    <test name="Default test" duration-ms="407" started-at="2017-02-03T12:07:22Z" finished-at="2017-02-03T12:07:22Z">
      <class name="TestReport">
        <test-method status="PASS" signature="verifysum()[pri:0, instance:TestReport@337d0578]" name="verifysum" duration-ms="390" started-at="2017-02-03T17:37:22Z" finished-at="2017-02-03T17:37:22Z">
          <reporter-output>
          </reporter-output>
        </test-method> <!-- verifysum -->
      </class> <!-- TestReport -->
    </test> <!-- Default test -->
  </suite> <!-- Default suite -->
</testng-results>
